<?xml version="1.0" encoding="UTF-8"?>
<coverage generated="1621411018358" clover="3.2.0">
  <project timestamp="1621411018359" name="All files">
    <metrics statements="46" coveredstatements="46" conditionals="9" coveredconditionals="9" methods="12" coveredmethods="12" elements="67" coveredelements="67" complexity="0" loc="46" ncloc="46" packages="2" files="4" classes="4"/>
    <package name="components">
      <metrics statements="33" coveredstatements="33" conditionals="7" coveredconditionals="7" methods="6" coveredmethods="6"/>
      <file name="QuestionAndAnswers.vue" path="C:\Users\mchriste\Documents\PSD\professional-scrum-developer-team-1\src\components\QuestionAndAnswers.vue">
        <metrics statements="33" coveredstatements="33" conditionals="7" coveredconditionals="7" methods="6" coveredmethods="6"/>
        <line num="22" count="15" type="stmt"/>
        <line num="33" count="15" type="stmt"/>
        <line num="37" count="24" type="stmt"/>
        <line num="38" count="24" type="stmt"/>
        <line num="39" count="24" type="stmt"/>
        <line num="41" count="24" type="stmt"/>
        <line num="43" count="3" type="stmt"/>
        <line num="44" count="3" type="stmt"/>
        <line num="45" count="3" type="stmt"/>
        <line num="46" count="3" type="stmt"/>
        <line num="47" count="3" type="stmt"/>
        <line num="48" count="3" type="stmt"/>
        <line num="50" count="3" type="stmt"/>
        <line num="51" count="3" type="stmt"/>
        <line num="52" count="3" type="stmt"/>
        <line num="53" count="3" type="stmt"/>
        <line num="54" count="3" type="stmt"/>
        <line num="55" count="3" type="stmt"/>
        <line num="57" count="3" type="stmt"/>
        <line num="58" count="3" type="stmt"/>
        <line num="59" count="3" type="stmt"/>
        <line num="60" count="3" type="stmt"/>
        <line num="61" count="3" type="stmt"/>
        <line num="62" count="3" type="stmt"/>
        <line num="64" count="42" type="stmt"/>
        <line num="65" count="24" type="stmt"/>
        <line num="68" count="3" type="stmt"/>
        <line num="69" count="3" type="cond" truecount="2" falsecount="0"/>
        <line num="70" count="1" type="stmt"/>
        <line num="71" count="1" type="stmt"/>
        <line num="73" count="2" type="stmt"/>
        <line num="74" count="2" type="stmt"/>
        <line num="78" count="63" type="cond" truecount="2" falsecount="0"/>
      </file>
    </package>
    <package name="views">
      <metrics statements="13" coveredstatements="13" conditionals="2" coveredconditionals="2" methods="6" coveredmethods="6"/>
      <file name="Exam.vue" path="C:\Users\mchriste\Documents\PSD\professional-scrum-developer-team-1\src\views\Exam.vue">
        <metrics statements="4" coveredstatements="4" conditionals="0" coveredconditionals="0" methods="2" coveredmethods="2"/>
        <line num="20" count="1" type="stmt"/>
        <line num="30" count="3" type="stmt"/>
        <line num="37" count="4" type="stmt"/>
        <line num="38" count="4" type="stmt"/>
      </file>
      <file name="Home.vue" path="C:\Users\mchriste\Documents\PSD\professional-scrum-developer-team-1\src\views\Home.vue">
        <metrics statements="6" coveredstatements="6" conditionals="2" coveredconditionals="2" methods="2" coveredmethods="2"/>
        <line num="26" count="2" type="stmt"/>
        <line num="32" count="2" type="cond" truecount="2" falsecount="0"/>
        <line num="33" count="1" type="stmt"/>
        <line num="34" count="1" type="stmt"/>
        <line num="36" count="1" type="stmt"/>
        <line num="37" count="1" type="stmt"/>
      </file>
      <file name="Practice.vue" path="C:\Users\mchriste\Documents\PSD\professional-scrum-developer-team-1\src\views\Practice.vue">
        <metrics statements="3" coveredstatements="3" conditionals="0" coveredconditionals="0" methods="2" coveredmethods="2"/>
        <line num="15" count="1" type="stmt"/>
        <line num="26" count="1" type="stmt"/>
        <line num="32" count="2" type="stmt"/>
      </file>
    </package>
  </project>
</coverage>
