{"C:\\Users\\mchriste\\Documents\\PSD\\professional-scrum-developer-team-1\\src\\components\\QuestionAndAnswers.vue": {"path":"C:\\Users\\mchriste\\Documents\\PSD\\professional-scrum-developer-team-1\\src\\components\\QuestionAndAnswers.vue","statementMap":{"0":{"start":{"line":23,"column":0},"end":{"line":23,"column":null}},"1":{"start":{"line":34,"column":0},"end":{"line":34,"column":null}},"2":{"start":{"line":38,"column":0},"end":{"line":38,"column":null}},"3":{"start":{"line":39,"column":0},"end":{"line":39,"column":null}},"4":{"start":{"line":40,"column":0},"end":{"line":40,"column":null}},"5":{"start":{"line":42,"column":0},"end":{"line":42,"column":null}},"6":{"start":{"line":44,"column":0},"end":{"line":44,"column":null}},"7":{"start":{"line":45,"column":0},"end":{"line":45,"column":null}},"8":{"start":{"line":46,"column":0},"end":{"line":46,"column":null}},"9":{"start":{"line":47,"column":0},"end":{"line":47,"column":null}},"10":{"start":{"line":48,"column":0},"end":{"line":48,"column":null}},"11":{"start":{"line":49,"column":0},"end":{"line":49,"column":null}},"12":{"start":{"line":50,"column":0},"end":{"line":50,"column":null}},"13":{"start":{"line":52,"column":0},"end":{"line":52,"column":null}},"14":{"start":{"line":53,"column":0},"end":{"line":53,"column":null}},"15":{"start":{"line":54,"column":0},"end":{"line":54,"column":null}},"16":{"start":{"line":55,"column":0},"end":{"line":55,"column":null}},"17":{"start":{"line":56,"column":0},"end":{"line":56,"column":null}},"18":{"start":{"line":57,"column":0},"end":{"line":57,"column":null}},"19":{"start":{"line":58,"column":0},"end":{"line":58,"column":null}},"20":{"start":{"line":60,"column":0},"end":{"line":60,"column":null}},"21":{"start":{"line":61,"column":0},"end":{"line":61,"column":null}},"22":{"start":{"line":62,"column":0},"end":{"line":62,"column":null}},"23":{"start":{"line":63,"column":0},"end":{"line":63,"column":null}},"24":{"start":{"line":64,"column":0},"end":{"line":64,"column":null}},"25":{"start":{"line":65,"column":0},"end":{"line":65,"column":null}},"26":{"start":{"line":66,"column":0},"end":{"line":66,"column":null}},"27":{"start":{"line":68,"column":0},"end":{"line":68,"column":null}},"28":{"start":{"line":69,"column":0},"end":{"line":69,"column":null}},"29":{"start":{"line":72,"column":0},"end":{"line":81,"column":null}},"30":{"start":{"line":73,"column":0},"end":{"line":73,"column":null}},"31":{"start":{"line":74,"column":0},"end":{"line":80,"column":null}},"32":{"start":{"line":75,"column":0},"end":{"line":75,"column":null}},"33":{"start":{"line":76,"column":0},"end":{"line":76,"column":null}},"34":{"start":{"line":78,"column":0},"end":{"line":78,"column":null}},"35":{"start":{"line":79,"column":0},"end":{"line":79,"column":null}},"36":{"start":{"line":84,"column":0},"end":{"line":84,"column":null}}},"fnMap":{"0":{"name":"(anonymous_1)","decl":{"start":{"line":22,"column":0},"end":{"line":22,"column":null}},"loc":{"start":{"line":22,"column":0},"end":{"line":32,"column":null}}},"1":{"name":"(anonymous_2)","decl":{"start":{"line":33,"column":0},"end":{"line":33,"column":null}},"loc":{"start":{"line":33,"column":0},"end":{"line":35,"column":null}}},"2":{"name":"(anonymous_3)","decl":{"start":{"line":37,"column":0},"end":{"line":37,"column":null}},"loc":{"start":{"line":37,"column":0},"end":{"line":70,"column":null}}},"3":{"name":"(anonymous_4)","decl":{"start":{"line":68,"column":0},"end":{"line":68,"column":null}},"loc":{"start":{"line":68,"column":0},"end":{"line":68,"column":null}}},"4":{"name":"(anonymous_5)","decl":{"start":{"line":71,"column":0},"end":{"line":71,"column":null}},"loc":{"start":{"line":71,"column":0},"end":{"line":82,"column":null}}},"5":{"name":"(anonymous_6)","decl":{"start":{"line":83,"column":0},"end":{"line":83,"column":null}},"loc":{"start":{"line":83,"column":0},"end":{"line":85,"column":null}}}},"branchMap":{"0":{"loc":{"start":{"line":43,"column":0},"end":{"line":50,"column":null}},"type":"switch","locations":[{"start":{"line":43,"column":0},"end":{"line":50,"column":null}},{"start":{"line":51,"column":0},"end":{"line":58,"column":null}},{"start":{"line":59,"column":0},"end":{"line":66,"column":null}}]},"1":{"loc":{"start":{"line":72,"column":0},"end":{"line":81,"column":null}},"type":"if","locations":[{"start":{"line":72,"column":0},"end":{"line":81,"column":null}},{"start":{"line":72,"column":0},"end":{"line":81,"column":null}}]},"2":{"loc":{"start":{"line":74,"column":0},"end":{"line":80,"column":null}},"type":"if","locations":[{"start":{"line":74,"column":0},"end":{"line":80,"column":null}},{"start":{"line":74,"column":0},"end":{"line":80,"column":null}}]},"3":{"loc":{"start":{"line":84,"column":0},"end":{"line":84,"column":null}},"type":"cond-expr","locations":[{"start":{"line":84,"column":0},"end":{"line":84,"column":null}},{"start":{"line":84,"column":0},"end":{"line":84,"column":null}}]}},"s":{"0":16,"1":16,"2":25,"3":25,"4":25,"5":25,"6":3,"7":3,"8":3,"9":3,"10":3,"11":3,"12":3,"13":3,"14":3,"15":3,"16":3,"17":3,"18":3,"19":3,"20":3,"21":3,"22":3,"23":3,"24":3,"25":3,"26":3,"27":52,"28":25,"29":4,"30":3,"31":3,"32":1,"33":1,"34":2,"35":2,"36":67},"f":{"0":16,"1":16,"2":25,"3":27,"4":4,"5":67},"b":{"0":[3,3,3],"1":[3,1],"2":[1,2],"3":[66,1]}}
,"C:\\Users\\mchriste\\Documents\\PSD\\professional-scrum-developer-team-1\\src\\views\\Exam.vue": {"path":"C:\\Users\\mchriste\\Documents\\PSD\\professional-scrum-developer-team-1\\src\\views\\Exam.vue","statementMap":{"0":{"start":{"line":20,"column":0},"end":{"line":20,"column":null}},"1":{"start":{"line":30,"column":0},"end":{"line":30,"column":null}},"2":{"start":{"line":37,"column":0},"end":{"line":37,"column":null}},"3":{"start":{"line":38,"column":0},"end":{"line":38,"column":null}}},"fnMap":{"0":{"name":"(anonymous_1)","decl":{"start":{"line":29,"column":0},"end":{"line":29,"column":null}},"loc":{"start":{"line":29,"column":0},"end":{"line":34,"column":null}}},"1":{"name":"(anonymous_2)","decl":{"start":{"line":36,"column":0},"end":{"line":36,"column":null}},"loc":{"start":{"line":36,"column":0},"end":{"line":39,"column":null}}}},"branchMap":{},"s":{"0":1,"1":3,"2":4,"3":4},"f":{"0":3,"1":4},"b":{}}
,"C:\\Users\\mchriste\\Documents\\PSD\\professional-scrum-developer-team-1\\src\\views\\Home.vue": {"path":"C:\\Users\\mchriste\\Documents\\PSD\\professional-scrum-developer-team-1\\src\\views\\Home.vue","statementMap":{"0":{"start":{"line":26,"column":0},"end":{"line":26,"column":null}},"1":{"start":{"line":32,"column":0},"end":{"line":38,"column":null}},"2":{"start":{"line":33,"column":0},"end":{"line":33,"column":null}},"3":{"start":{"line":34,"column":0},"end":{"line":34,"column":null}},"4":{"start":{"line":36,"column":0},"end":{"line":36,"column":null}},"5":{"start":{"line":37,"column":0},"end":{"line":37,"column":null}}},"fnMap":{"0":{"name":"(anonymous_1)","decl":{"start":{"line":25,"column":0},"end":{"line":25,"column":null}},"loc":{"start":{"line":25,"column":0},"end":{"line":29,"column":null}}},"1":{"name":"(anonymous_2)","decl":{"start":{"line":31,"column":0},"end":{"line":31,"column":null}},"loc":{"start":{"line":31,"column":0},"end":{"line":39,"column":null}}}},"branchMap":{"0":{"loc":{"start":{"line":32,"column":0},"end":{"line":38,"column":null}},"type":"if","locations":[{"start":{"line":32,"column":0},"end":{"line":38,"column":null}},{"start":{"line":32,"column":0},"end":{"line":38,"column":null}}]}},"s":{"0":2,"1":2,"2":1,"3":1,"4":1,"5":1},"f":{"0":2,"1":2},"b":{"0":[1,1]}}
,"C:\\Users\\mchriste\\Documents\\PSD\\professional-scrum-developer-team-1\\src\\views\\Practice.vue": {"path":"C:\\Users\\mchriste\\Documents\\PSD\\professional-scrum-developer-team-1\\src\\views\\Practice.vue","statementMap":{"0":{"start":{"line":15,"column":0},"end":{"line":15,"column":null}},"1":{"start":{"line":26,"column":0},"end":{"line":26,"column":null}},"2":{"start":{"line":32,"column":0},"end":{"line":32,"column":null}}},"fnMap":{"0":{"name":"(anonymous_1)","decl":{"start":{"line":25,"column":0},"end":{"line":25,"column":null}},"loc":{"start":{"line":25,"column":0},"end":{"line":29,"column":null}}},"1":{"name":"(anonymous_2)","decl":{"start":{"line":31,"column":0},"end":{"line":31,"column":null}},"loc":{"start":{"line":31,"column":0},"end":{"line":33,"column":null}}}},"branchMap":{},"s":{"0":1,"1":1,"2":2},"f":{"0":1,"1":2},"b":{}}
}
