TN:
SF:C:\Users\mchriste\Documents\PSD\professional-scrum-developer-team-1\src\components\QuestionAndAnswers.vue
FN:21,(anonymous_1)
FN:32,(anonymous_2)
FN:36,(anonymous_3)
FN:64,(anonymous_4)
FN:67,(anonymous_5)
FN:77,(anonymous_6)
FNF:6
FNH:6
FNDA:15,(anonymous_1)
FNDA:15,(anonymous_2)
FNDA:24,(anonymous_3)
FNDA:18,(anonymous_4)
FNDA:3,(anonymous_5)
FNDA:63,(anonymous_6)
DA:22,15
DA:33,15
DA:37,24
DA:38,24
DA:39,24
DA:41,24
DA:43,3
DA:44,3
DA:45,3
DA:46,3
DA:47,3
DA:48,3
DA:50,3
DA:51,3
DA:52,3
DA:53,3
DA:54,3
DA:55,3
DA:57,3
DA:58,3
DA:59,3
DA:60,3
DA:61,3
DA:62,3
DA:64,42
DA:65,24
DA:68,3
DA:69,3
DA:70,1
DA:71,1
DA:73,2
DA:74,2
DA:78,63
LF:33
LH:33
BRDA:42,0,0,3
BRDA:42,0,1,3
BRDA:42,0,2,3
BRDA:69,1,0,1
BRDA:69,1,1,2
BRDA:78,2,0,62
BRDA:78,2,1,1
BRF:7
BRH:7
end_of_record
TN:
SF:C:\Users\mchriste\Documents\PSD\professional-scrum-developer-team-1\src\views\Exam.vue
FN:29,(anonymous_1)
FN:36,(anonymous_2)
FNF:2
FNH:2
FNDA:3,(anonymous_1)
FNDA:4,(anonymous_2)
DA:20,1
DA:30,3
DA:37,4
DA:38,4
LF:4
LH:4
BRF:0
BRH:0
end_of_record
TN:
SF:C:\Users\mchriste\Documents\PSD\professional-scrum-developer-team-1\src\views\Home.vue
FN:25,(anonymous_1)
FN:31,(anonymous_2)
FNF:2
FNH:2
FNDA:2,(anonymous_1)
FNDA:2,(anonymous_2)
DA:26,2
DA:32,2
DA:33,1
DA:34,1
DA:36,1
DA:37,1
LF:6
LH:6
BRDA:32,0,0,1
BRDA:32,0,1,1
BRF:2
BRH:2
end_of_record
TN:
SF:C:\Users\mchriste\Documents\PSD\professional-scrum-developer-team-1\src\views\Practice.vue
FN:25,(anonymous_1)
FN:31,(anonymous_2)
FNF:2
FNH:2
FNDA:1,(anonymous_1)
FNDA:2,(anonymous_2)
DA:15,1
DA:26,1
DA:32,2
LF:3
LH:3
BRF:0
BRH:0
end_of_record
